WORKDIR environment variable must be set, as it is to a location in which the build infrastructure can be stored, defaulting to /srv/workdir
========================================
  Bootstrapping Build (online)
========================================

Using local build at /srv/git/Bootstrap, ignoring build-env.properties

========================================
  Build Environment
========================================

Build Version: 

java version "1.5.0_10"
Java(TM) 2 Runtime Environment, Standard Edition (build 1.5.0_10-b03)
Java HotSpot(TM) Client VM (build 1.5.0_10-b03, mixed mode)

Loading plugins
    Loaded plugin {com.volantis.build}:product
    Loaded plugin {com.volantis.build}:javacc
    Loaded plugin {com.volantis.build}:volantis-mock
    Loaded plugin {com.volantis.build}:jpox
    Loaded plugin {com.volantis.build}:jibx
    Loaded plugin {com.volantis.build}:docbook
    Loaded plugin {com.volantis.build}:subsystem

Loading builtin plugins
    Loaded plugin {org.grease.ide}:ide
    Loaded plugin {org.grease.ide.idea}:idea

Finding project directory
  /srv/git/Synergetics

Initializing plugins
  {org.grease.ide}:ide
  {com.volantis.build}:product
  {com.volantis.build}:subsystem
    Loaded additional plugins
      {com.volantis.build}:subsystem-cache
      {com.volantis.build}:subsystem-cm-monitor
      {com.volantis.build}:subsystem-cornerstone
      {com.volantis.build}:subsystem-descriptor-store
      {com.volantis.build}:subsystem-directory-monitor
      {com.volantis.build}:subsystem-domvisitor
      {com.volantis.build}:subsystem-localization
      {com.volantis.build}:subsystem-metadata
      {com.volantis.build}:subsystem-mock
      {com.volantis.build}:subsystem-net
      {com.volantis.build}:subsystem-old-cache
      {com.volantis.build}:subsystem-osgi-boot
      {com.volantis.build}:subsystem-osgi-cm
      {com.volantis.build}:subsystem-osgi-framework
      {com.volantis.build}:subsystem-osgi-j2ee-bridge
      {com.volantis.build}:subsystem-performance
      {com.volantis.build}:subsystem-performance-arm
      {com.volantis.build}:subsystem-reporting
      {com.volantis.build}:subsystem-repository
      {com.volantis.build}:subsystem-runtime
      {com.volantis.build}:subsystem-testtools
      {com.volantis.build}:subsystem-xml-utils
  {com.volantis.build}:javacc
  {com.volantis.build}:volantis-mock
  {com.volantis.build}:jpox
  {com.volantis.build}:jibx
  {com.volantis.build}:docbook
  {org.grease.ide.idea}:idea
  {com.volantis.build}:subsystem-cache
  {com.volantis.build}:subsystem-cm-monitor
  {com.volantis.build}:subsystem-cornerstone
  {com.volantis.build}:subsystem-descriptor-store
  {com.volantis.build}:subsystem-directory-monitor
  {com.volantis.build}:subsystem-domvisitor
  {com.volantis.build}:subsystem-localization
  {com.volantis.build}:subsystem-metadata
  {com.volantis.build}:subsystem-mock
  {com.volantis.build}:subsystem-net
  {com.volantis.build}:subsystem-old-cache
  {com.volantis.build}:subsystem-osgi-boot
  {com.volantis.build}:subsystem-osgi-cm
  {com.volantis.build}:subsystem-osgi-framework
  {com.volantis.build}:subsystem-osgi-j2ee-bridge
  {com.volantis.build}:subsystem-performance
  {com.volantis.build}:subsystem-performance-arm
  {com.volantis.build}:subsystem-reporting
  {com.volantis.build}:subsystem-repository
  {com.volantis.build}:subsystem-runtime
  {com.volantis.build}:subsystem-testtools
  {com.volantis.build}:subsystem-xml-utils

Populating project
  {org.grease.ide}:ide
  {com.volantis.build}:product
  {com.volantis.build}:subsystem
Duplicate subsystem dependency runtime added at file:/srv/git/Synergetics/subsystems/descriptor-store/dependencies.groovy:79 previously added at file:/srv/git/Synergetics/subsystems/descriptor-store/cache.groovy:8
Duplicate subsystem dependency runtime added at file:/srv/git/Synergetics/subsystems/descriptor-store/dependencies.groovy:79 previously added at file:/srv/git/Synergetics/subsystems/descriptor-store/directory_monitor.groovy:7
Duplicate subsystem dependency runtime added at file:/srv/git/Synergetics/subsystems/descriptor-store/dependencies.groovy:79 previously added at file:/srv/git/Synergetics/subsystems/descriptor-store/metadata.groovy:7
Duplicate subsystem dependency runtime added at file:/srv/git/Synergetics/subsystems/descriptor-store/dependencies.groovy:79 previously added at file:/srv/git/Synergetics/subsystems/descriptor-store/net.groovy:9
Duplicate subsystem dependency runtime added at file:/srv/git/Synergetics/subsystems/descriptor-store/dependencies.groovy:79 previously added at file:/srv/git/Synergetics/subsystems/descriptor-store/reporting.groovy:8
Duplicate subsystem dependency runtime added at file:/srv/git/Synergetics/subsystems/descriptor-store/dependencies.groovy:79 previously added at file:/srv/git/Synergetics/subsystems/descriptor-store/repository.groovy:8
  {com.volantis.build}:javacc
  {com.volantis.build}:volantis-mock
  {com.volantis.build}:jpox
  {com.volantis.build}:jibx
  {com.volantis.build}:docbook
  {org.grease.ide.idea}:idea
  {com.volantis.build}:subsystem-cache
  {com.volantis.build}:subsystem-cm-monitor
  {com.volantis.build}:subsystem-cornerstone
  {com.volantis.build}:subsystem-descriptor-store
  {com.volantis.build}:subsystem-directory-monitor
  {com.volantis.build}:subsystem-domvisitor
  {com.volantis.build}:subsystem-localization
  {com.volantis.build}:subsystem-metadata
  {com.volantis.build}:subsystem-mock
  {com.volantis.build}:subsystem-net
  {com.volantis.build}:subsystem-old-cache
  {com.volantis.build}:subsystem-osgi-boot
  {com.volantis.build}:subsystem-osgi-cm
  {com.volantis.build}:subsystem-osgi-framework
  {com.volantis.build}:subsystem-osgi-j2ee-bridge
  {com.volantis.build}:subsystem-performance
  {com.volantis.build}:subsystem-performance-arm
  {com.volantis.build}:subsystem-reporting
  {com.volantis.build}:subsystem-repository
  {com.volantis.build}:subsystem-runtime
  {com.volantis.build}:subsystem-testtools
  {com.volantis.build}:subsystem-xml-utils

Completing project
  {org.grease.ide}:ide
  {com.volantis.build}:product
  {com.volantis.build}:subsystem
  {com.volantis.build}:javacc
  {com.volantis.build}:volantis-mock
  {com.volantis.build}:jpox
  {com.volantis.build}:jibx
  {com.volantis.build}:docbook
  {org.grease.ide.idea}:idea
  {com.volantis.build}:subsystem-cache
  {com.volantis.build}:subsystem-cm-monitor
  {com.volantis.build}:subsystem-cornerstone
  {com.volantis.build}:subsystem-descriptor-store
  {com.volantis.build}:subsystem-directory-monitor
  {com.volantis.build}:subsystem-domvisitor
  {com.volantis.build}:subsystem-localization
  {com.volantis.build}:subsystem-metadata
  {com.volantis.build}:subsystem-mock
  {com.volantis.build}:subsystem-net
  {com.volantis.build}:subsystem-old-cache
  {com.volantis.build}:subsystem-osgi-boot
  {com.volantis.build}:subsystem-osgi-cm
  {com.volantis.build}:subsystem-osgi-framework
  {com.volantis.build}:subsystem-osgi-j2ee-bridge
  {com.volantis.build}:subsystem-performance
  {com.volantis.build}:subsystem-performance-arm
  {com.volantis.build}:subsystem-reporting
  {com.volantis.build}:subsystem-repository
  {com.volantis.build}:subsystem-runtime
  {com.volantis.build}:subsystem-testtools
  {com.volantis.build}:subsystem-xml-utils

Checking project integrity
  Done

Selecting active module
  {com.volantis.build}:descriptor-store

Build preparation took 4.0s

Calculating targets to take

Switching to module: module {com.volantis.build}:product
Configuring subsystem ivy settings
module(organisation: com.volantis, name: testtools.*, branch: newbuild, matcher: "glob"), resolver: online-internals
Switching to module: module {com.volantis.build}:localization
Configuring ivy module for localization
09-Jul-2008 12:12:38 org.apache.commons.vfs.VfsLog info
INFO: Using "/tmp/vfs_cache" as temporary files store.
Creating module file: module0
[Error] :43:30: cos-nonambig: "":license and WC[##any] (or elements from their substitution group) violate "Unique Particle Attribution". During validation against this schema, ambiguity would be created for those two particles.
internal target {com.volantis.build}:resolve-dependencies
:: resolving dependencies :: com.volantis#synergetics.localization;working@v-pduffin.uk.volantis.com
	confs: [api-compile-only, api-compile-execute, api-execute-only, impl-compile-only, impl-compile-execute, impl-execute-only, support-compile-only, support-compile-execute, support-execute-only, tests-compile-only, tests-compile-execute, tests-execute-only]
	found org.apache#log4j;1.2.8 in local:ivy-sandbox
	found javax.servlet#api;2.4 in local:ivy-sandbox
	found com.volantis#testtools.mock#newbuild;newbuild in local:ivy-internals
	found org.junit#framework;3.8.2 in local:ivy-sandbox
	found net.sourceforge#junit-addons;1.4 in local:ivy-sandbox
downloading /srv/git/Externals/built/ivy/repository/sandbox/org.apache/log4j/1.2.8/jar/org.apache.log4j-1.2.8.jar ...
	[SUCCESSFUL ] org.apache#log4j;1.2.8!log4j.jar (2ms)
downloading /srv/git/Externals/built/ivy/repository/sandbox/javax.servlet/api/2.4/jar/javax.servlet.api-2.4.jar ...
	[SUCCESSFUL ] javax.servlet#api;2.4!api.jar (1ms)
downloading /srv/repository/ivy/internals/com.volantis/testtools.mock/newbuild/jar/com.volantis.testtools.mock-newbuild.jar ...
	[SUCCESSFUL ] com.volantis#testtools.mock#newbuild;newbuild!testtools.mock.jar (1ms)
downloading /srv/repository/ivy/internals/com.volantis/testtools.mock/newbuild/api/com.volantis.testtools.mock-newbuild.jar ...
	[SUCCESSFUL ] com.volantis#testtools.mock#newbuild;newbuild!testtools.mock.jar(api) (1ms)
downloading /srv/repository/ivy/internals/com.volantis/testtools.mock/newbuild/support/com.volantis.testtools.mock-newbuild.jar ...
	[SUCCESSFUL ] com.volantis#testtools.mock#newbuild;newbuild!testtools.mock.jar(support) (9ms)
downloading /srv/git/Externals/built/ivy/repository/sandbox/net.sourceforge/junit-addons/1.4/jar/net.sourceforge.junit-addons-1.4.jar ...
	[SUCCESSFUL ] net.sourceforge#junit-addons;1.4!junit-addons.jar (2ms)
downloading /srv/git/Externals/built/ivy/repository/sandbox/org.junit/framework/3.8.2/jar/org.junit.framework-3.8.2.jar ...
	[SUCCESSFUL ] org.junit#framework;3.8.2!framework.jar (2ms)
:: resolution report :: resolve 293ms :: artifacts dl 23ms
	:: modules in use:
	com.volantis#testtools.mock#newbuild;newbuild from local:ivy-internals in [support-compile-only, support-compile-execute, support-execute-only]
	javax.servlet#api;2.4 from local:ivy-sandbox in [api-compile-only, api-compile-execute, api-execute-only]
	net.sourceforge#junit-addons;1.4 from local:ivy-sandbox in [support-compile-only, support-compile-execute, support-execute-only]
	org.apache#log4j;1.2.8 from local:ivy-sandbox in [api-compile-only, api-compile-execute, api-execute-only]
	org.junit#framework;3.8.2 from local:ivy-sandbox in [support-compile-only, support-compile-execute, support-execute-only]
	---------------------------------------------------------------------
	|                  |            modules            ||   artifacts   |
	|       conf       | number| search|dwnlded|evicted|| number|dwnlded|
	---------------------------------------------------------------------
	| api-compile-only |   2   |   2   |   2   |   0   ||   0   |   0   |
	|api-compile-execut|   2   |   2   |   2   |   0   ||   2   |   2   |
	| api-execute-only |   2   |   2   |   2   |   0   ||   0   |   0   |
	| impl-compile-only|   0   |   0   |   0   |   0   ||   0   |   0   |
	|impl-compile-execu|   0   |   0   |   0   |   0   ||   0   |   0   |
	| impl-execute-only|   0   |   0   |   0   |   0   ||   0   |   0   |
	|support-compile-on|   3   |   3   |   3   |   0   ||   1   |   1   |
	|support-compile-ex|   3   |   3   |   3   |   0   ||   3   |   3   |
	|support-execute-on|   3   |   3   |   3   |   0   ||   1   |   1   |
	|tests-compile-only|   0   |   0   |   0   |   0   ||   0   |   0   |
	|tests-compile-exec|   0   |   0   |   0   |   0   ||   0   |   0   |
	|tests-execute-only|   0   |   0   |   0   |   0   ||   0   |   0   |
	---------------------------------------------------------------------
Determining class path for api of localization
Compiling API for localization
Making directory /srv/git/Synergetics/built/subsystems/localization/output/main/api/classes
Compile class path
debug: /srv/git/Synergetics/built/ivy/cache/org.apache/log4j/1.2.8/jar/org.apache.log4j-1.2.8.jar
debug: /srv/git/Synergetics/built/ivy/cache/javax.servlet/api/2.4/jar/javax.servlet.api-2.4.jar
    [javac] Compiling 18 source files to /srv/git/Synergetics/built/subsystems/localization/output/main/api/classes
    [javac] Note: Some input files use unchecked or unsafe operations.
    [javac] Note: Recompile with -Xlint:unchecked for details.
     [copy] Copying 3 files to /srv/git/Synergetics/built/subsystems/localization/output/main/api/classes
external target {com.volantis.build}:prepare-api
Switching to module: module {com.volantis.build}:descriptor-store
Configuring ivy module for descriptor-store
Creating module file: module1
[Error] :43:30: cos-nonambig: "":license and WC[##any] (or elements from their substitution group) violate "Unique Particle Attribution". During validation against this schema, ambiguity would be created for those two particles.
internal target {com.volantis.build}:resolve-dependencies
:: resolving dependencies :: com.volantis#synergetics.descriptor-store;working@v-pduffin.uk.volantis.com
	confs: [api-compile-only, api-compile-execute, api-execute-only, impl-compile-only, impl-compile-execute, impl-execute-only, support-compile-only, support-compile-execute, support-execute-only, tests-compile-only, tests-compile-execute, tests-execute-only]
	found javax.jdo#api;2.0 in local:ivy-sandbox
	found com.volantis.jpox#runtime;1.1.7 in local:ivy-sandbox
	found org.eclipse.equinox#osgi;3.3.1.1 in local:ivy-sandbox
	found javax.transaction#api;1.0 in local:ivy-sandbox
	found com.volantis#testtools.mock#newbuild;newbuild in local:ivy-internals
	found org.junit#framework;3.8.2 in local:ivy-sandbox
	found net.sourceforge#junit-addons;1.4 in local:ivy-sandbox
	found org.custommonkey#xmlunit;1.0 in local:ivy-sandbox
	found org.apache#log4j;1.2.8 in local:ivy-sandbox
	found javax.servlet#api;2.4 in local:ivy-sandbox
	found com.volantis.jdom#api;0.9 in local:ivy-sandbox
	found com.meterware#httpunit;1.4.5 in local:ivy-sandbox
	found org.hsqldb#runtime;1.8.0.7 in local:ivy-sandbox
downloading /srv/git/Externals/built/ivy/repository/sandbox/javax.jdo/api/2.0/jar/javax.jdo.api-2.0.jar ...
	[SUCCESSFUL ] javax.jdo#api;2.0!api.jar (1ms)
downloading /srv/git/Externals/built/ivy/repository/sandbox/com.volantis.jpox/runtime/1.1.7/jar/com.volantis.jpox.runtime-1.1.7.jar ...
	[SUCCESSFUL ] com.volantis.jpox#runtime;1.1.7!runtime.jar (7ms)
downloading /srv/git/Externals/built/ivy/repository/sandbox/org.eclipse.equinox/osgi/3.3.1.1/jar/org.eclipse.equinox.osgi-3.3.1.1.jar ...
	[SUCCESSFUL ] org.eclipse.equinox#osgi;3.3.1.1!osgi.jar (6ms)
downloading /srv/git/Externals/built/ivy/repository/sandbox/javax.transaction/api/1.0/jar/javax.transaction.api-1.0.jar ...
	[SUCCESSFUL ] javax.transaction#api;1.0!api.jar (0ms)
downloading /srv/git/Externals/built/ivy/repository/sandbox/org.custommonkey/xmlunit/1.0/jar/org.custommonkey.xmlunit-1.0.jar ...
	[SUCCESSFUL ] org.custommonkey#xmlunit;1.0!xmlunit.jar (25ms)
downloading /srv/git/Externals/built/ivy/repository/sandbox/com.volantis.jdom/api/0.9/jar/com.volantis.jdom.api-0.9.jar ...
	[SUCCESSFUL ] com.volantis.jdom#api;0.9!api.jar (26ms)
downloading /srv/git/Externals/built/ivy/repository/sandbox/com.meterware/httpunit/1.4.5/jar/com.meterware.httpunit-1.4.5.jar ...
	[SUCCESSFUL ] com.meterware#httpunit;1.4.5!httpunit.jar (2ms)
downloading /srv/git/Externals/built/ivy/repository/sandbox/org.hsqldb/runtime/1.8.0.7/jar/org.hsqldb.runtime-1.8.0.7.jar ...
	[SUCCESSFUL ] org.hsqldb#runtime;1.8.0.7!runtime.jar (3ms)
:: resolution report :: resolve 343ms :: artifacts dl 106ms
	:: modules in use:
	com.meterware#httpunit;1.4.5 from local:ivy-sandbox in [tests-compile-execute, tests-execute-only]
	com.volantis#testtools.mock#newbuild;newbuild from local:ivy-internals in [support-compile-only, support-compile-execute, support-execute-only]
	com.volantis.jdom#api;0.9 from local:ivy-sandbox in [tests-compile-only, tests-compile-execute, tests-execute-only]
	com.volantis.jpox#runtime;1.1.7 from local:ivy-sandbox in [impl-compile-only, impl-compile-execute, impl-execute-only]
	javax.jdo#api;2.0 from local:ivy-sandbox in [impl-compile-only, impl-compile-execute, impl-execute-only]
	javax.servlet#api;2.4 from local:ivy-sandbox in [tests-compile-only, tests-compile-execute, tests-execute-only]
	javax.transaction#api;1.0 from local:ivy-sandbox in [impl-execute-only]
	net.sourceforge#junit-addons;1.4 from local:ivy-sandbox in [support-compile-only, support-compile-execute, support-execute-only]
	org.apache#log4j;1.2.8 from local:ivy-sandbox in [tests-compile-only, tests-compile-execute, tests-execute-only]
	org.custommonkey#xmlunit;1.0 from local:ivy-sandbox in [tests-compile-only, tests-compile-execute, tests-execute-only]
	org.eclipse.equinox#osgi;3.3.1.1 from local:ivy-sandbox in [impl-compile-execute, impl-execute-only, support-compile-execute, support-execute-only]
	org.hsqldb#runtime;1.8.0.7 from local:ivy-sandbox in [tests-execute-only]
	org.junit#framework;3.8.2 from local:ivy-sandbox in [support-compile-only, support-compile-execute, support-execute-only]
	---------------------------------------------------------------------
	|                  |            modules            ||   artifacts   |
	|       conf       | number| search|dwnlded|evicted|| number|dwnlded|
	---------------------------------------------------------------------
	| api-compile-only |   0   |   0   |   0   |   0   ||   0   |   0   |
	|api-compile-execut|   0   |   0   |   0   |   0   ||   0   |   0   |
	| api-execute-only |   0   |   0   |   0   |   0   ||   0   |   0   |
	| impl-compile-only|   2   |   2   |   2   |   0   ||   0   |   0   |
	|impl-compile-execu|   3   |   2   |   2   |   0   ||   3   |   3   |
	| impl-execute-only|   4   |   3   |   3   |   0   ||   2   |   2   |
	|support-compile-on|   3   |   1   |   0   |   0   ||   1   |   0   |
	|support-compile-ex|   4   |   1   |   0   |   0   ||   4   |   1   |
	|support-execute-on|   4   |   1   |   0   |   0   ||   2   |   1   |
	|tests-compile-only|   4   |   2   |   2   |   0   ||   0   |   0   |
	|tests-compile-exec|   5   |   2   |   2   |   0   ||   5   |   3   |
	|tests-execute-only|   6   |   3   |   3   |   0   ||   2   |   2   |
	---------------------------------------------------------------------
Determining class path for api of descriptor-store
Compiling API for descriptor-store
Making directory /srv/git/Synergetics/built/subsystems/descriptor-store/output/main/api/classes
Compile class path
debug: /srv/git/Synergetics/built/subsystems/localization/output/main/api/classes
    [javac] Compiling 6 source files to /srv/git/Synergetics/built/subsystems/descriptor-store/output/main/api/classes
     [copy] Copying 1 file to /srv/git/Synergetics/built/subsystems/descriptor-store/output/main/api/classes
external target {com.volantis.build}:prepare-api
Switching to module: module {com.volantis.build}:runtime
Configuring ivy module for runtime
Creating module file: module2
[Error] :43:30: cos-nonambig: "":license and WC[##any] (or elements from their substitution group) violate "Unique Particle Attribution". During validation against this schema, ambiguity would be created for those two particles.
internal target {com.volantis.build}:resolve-dependencies
:: resolving dependencies :: com.volantis#synergetics.runtime;working@v-pduffin.uk.volantis.com
	confs: [api-compile-only, api-compile-execute, api-execute-only, impl-compile-only, impl-compile-execute, impl-execute-only, support-compile-only, support-compile-execute, support-execute-only, tests-compile-only, tests-compile-execute, tests-execute-only]
	found javax.servlet#api;2.4 in local:ivy-sandbox
	found org.jibx#api;1.1.5 in local:ivy-sandbox
	found javax.jdo#api;2.0 in local:ivy-sandbox
	found com.volantis.jdom#api;0.9 in local:ivy-sandbox
	found org.codehaus#woodstox;3.2.1 in local:ivy-sandbox
	found javax.xml.stream#api;1.0.1 in local:ivy-sandbox
	found javax.transaction#api;1.0 in local:ivy-sandbox
	found com.volantis#testtools.mock#newbuild;newbuild in local:ivy-internals
	found org.junit#framework;3.8.2 in local:ivy-sandbox
	found net.sourceforge#junit-addons;1.4 in local:ivy-sandbox
downloading /srv/git/Externals/built/ivy/repository/sandbox/org.jibx/api/1.1.5/jar/org.jibx.api-1.1.5.jar ...
	[SUCCESSFUL ] org.jibx#api;1.1.5!api.jar (1ms)
downloading /srv/git/Externals/built/ivy/repository/sandbox/org.codehaus/woodstox/3.2.1/jar/org.codehaus.woodstox-3.2.1.jar ...
	[SUCCESSFUL ] org.codehaus#woodstox;3.2.1!woodstox.jar (3ms)
downloading /srv/git/Externals/built/ivy/repository/sandbox/javax.xml.stream/api/1.0.1/jar/javax.xml.stream.api-1.0.1.jar ...
	[SUCCESSFUL ] javax.xml.stream#api;1.0.1!api.jar (2ms)
:: resolution report :: resolve 80ms :: artifacts dl 16ms
	:: modules in use:
	com.volantis#testtools.mock#newbuild;newbuild from local:ivy-internals in [support-compile-only, support-compile-execute, support-execute-only]
	com.volantis.jdom#api;0.9 from local:ivy-sandbox in [api-compile-only, api-compile-execute, api-execute-only]
	javax.jdo#api;2.0 from local:ivy-sandbox in [api-compile-only, api-compile-execute, api-execute-only]
	javax.servlet#api;2.4 from local:ivy-sandbox in [api-compile-only, api-compile-execute, api-execute-only]
	javax.transaction#api;1.0 from local:ivy-sandbox in [api-execute-only]
	javax.xml.stream#api;1.0.1 from local:ivy-sandbox in [api-execute-only]
	net.sourceforge#junit-addons;1.4 from local:ivy-sandbox in [support-compile-only, support-compile-execute, support-execute-only]
	org.codehaus#woodstox;3.2.1 from local:ivy-sandbox in [api-execute-only]
	org.jibx#api;1.1.5 from local:ivy-sandbox in [api-compile-only, api-compile-execute, api-execute-only]
	org.junit#framework;3.8.2 from local:ivy-sandbox in [support-compile-only, support-compile-execute, support-execute-only]
	---------------------------------------------------------------------
	|                  |            modules            ||   artifacts   |
	|       conf       | number| search|dwnlded|evicted|| number|dwnlded|
	---------------------------------------------------------------------
	| api-compile-only |   4   |   1   |   1   |   0   ||   0   |   0   |
	|api-compile-execut|   4   |   1   |   1   |   0   ||   4   |   1   |
	| api-execute-only |   7   |   3   |   3   |   0   ||   3   |   2   |
	| impl-compile-only|   0   |   0   |   0   |   0   ||   0   |   0   |
	|impl-compile-execu|   0   |   0   |   0   |   0   ||   0   |   0   |
	| impl-execute-only|   0   |   0   |   0   |   0   ||   0   |   0   |
	|support-compile-on|   3   |   1   |   0   |   0   ||   1   |   0   |
	|support-compile-ex|   3   |   1   |   0   |   0   ||   3   |   0   |
	|support-execute-on|   3   |   1   |   0   |   0   ||   1   |   0   |
	|tests-compile-only|   0   |   0   |   0   |   0   ||   0   |   0   |
	|tests-compile-exec|   0   |   0   |   0   |   0   ||   0   |   0   |
	|tests-execute-only|   0   |   0   |   0   |   0   ||   0   |   0   |
	---------------------------------------------------------------------
Determining class path for api of runtime
Compiling API for runtime
Making directory /srv/git/Synergetics/built/subsystems/runtime/output/main/api/classes
Compile class path
debug: /srv/git/Synergetics/built/subsystems/localization/output/main/api/classes
debug: /srv/git/Synergetics/built/ivy/cache/javax.servlet/api/2.4/jar/javax.servlet.api-2.4.jar
debug: /srv/git/Synergetics/built/ivy/cache/org.jibx/api/1.1.5/jar/org.jibx.api-1.1.5.jar
debug: /srv/git/Synergetics/built/ivy/cache/javax.jdo/api/2.0/jar/javax.jdo.api-2.0.jar
debug: /srv/git/Synergetics/built/ivy/cache/com.volantis.jdom/api/0.9/jar/com.volantis.jdom.api-0.9.jar
    [javac] Compiling 39 source files to /srv/git/Synergetics/built/subsystems/runtime/output/main/api/classes
    [javac] /srv/git/Synergetics/subsystems/runtime/main/api/java/com/volantis/synergetics/ObjectHelper.java:162: warning: non-varargs call of varargs method with inexact argument type for last parameter;
    [javac] cast to java.lang.Object for a varargs call
    [javac] cast to java.lang.Object[] for a non-varargs call and to suppress this warning
    [javac]             Object value = get.invoke(bean, null);
    [javac]                                             ^
    [javac] /srv/git/Synergetics/subsystems/runtime/main/api/java/com/volantis/synergetics/ObjectHelper.java:370: warning: non-varargs call of varargs method with inexact argument type for last parameter;
    [javac] cast to java.lang.Object for a varargs call
    [javac] cast to java.lang.Object[] for a non-varargs call and to suppress this warning
    [javac]             return reader.invoke(bean, null);
    [javac]                                        ^
    [javac] Note: Some input files use or override a deprecated API.
    [javac] Note: Recompile with -Xlint:deprecation for details.
    [javac] Note: Some input files use unchecked or unsafe operations.
    [javac] Note: Recompile with -Xlint:unchecked for details.
    [javac] 2 warnings
     [copy] Copying 15 files to /srv/git/Synergetics/built/subsystems/runtime/output/main/api/classes
external target {com.volantis.build}:prepare-api
Switching to module: module {com.volantis.build}:testtools
Configuring ivy module for testtools
Creating module file: module3
[Error] :43:30: cos-nonambig: "":license and WC[##any] (or elements from their substitution group) violate "Unique Particle Attribution". During validation against this schema, ambiguity would be created for those two particles.
internal target {com.volantis.build}:resolve-dependencies
:: resolving dependencies :: com.volantis#synergetics.testtools;working@v-pduffin.uk.volantis.com
	confs: [api-compile-only, api-compile-execute, api-execute-only, impl-compile-only, impl-compile-execute, impl-execute-only, support-compile-only, support-compile-execute, support-execute-only, tests-compile-only, tests-compile-execute, tests-execute-only]
	found com.volantis#testtools.mock#newbuild;newbuild in local:ivy-internals
	found org.junit#framework;3.8.2 in local:ivy-sandbox
	found org.custommonkey#xmlunit;1.0 in local:ivy-sandbox
	found net.sourceforge#junit-addons;1.4 in local:ivy-sandbox
	found org.apache#log4j;1.2.8 in local:ivy-sandbox
	found javax.servlet#api;2.4 in local:ivy-sandbox
	found com.volantis.jdom#api;0.9 in local:ivy-sandbox
	found com.meterware#httpunit;1.4.5 in local:ivy-sandbox
:: resolution report :: resolve 52ms :: artifacts dl 7ms
	:: modules in use:
	com.meterware#httpunit;1.4.5 from local:ivy-sandbox in [api-compile-execute, api-execute-only, support-compile-execute, support-execute-only]
	com.volantis#testtools.mock#newbuild;newbuild from local:ivy-internals in [api-compile-only, api-compile-execute, api-execute-only, support-compile-only, support-compile-execute, support-execute-only]
	com.volantis.jdom#api;0.9 from local:ivy-sandbox in [api-compile-only, api-compile-execute, api-execute-only]
	javax.servlet#api;2.4 from local:ivy-sandbox in [api-compile-only, api-compile-execute, api-execute-only]
	net.sourceforge#junit-addons;1.4 from local:ivy-sandbox in [api-compile-only, api-compile-execute, api-execute-only]
	org.apache#log4j;1.2.8 from local:ivy-sandbox in [api-compile-only, api-compile-execute, api-execute-only]
	org.custommonkey#xmlunit;1.0 from local:ivy-sandbox in [api-compile-only, api-compile-execute, api-execute-only]
	org.junit#framework;3.8.2 from local:ivy-sandbox in [api-compile-only, api-compile-execute, api-execute-only]
	---------------------------------------------------------------------
	|                  |            modules            ||   artifacts   |
	|       conf       | number| search|dwnlded|evicted|| number|dwnlded|
	---------------------------------------------------------------------
	| api-compile-only |   7   |   1   |   0   |   0   ||   1   |   0   |
	|api-compile-execut|   8   |   1   |   0   |   0   ||   7   |   0   |
	| api-execute-only |   8   |   1   |   0   |   0   ||   2   |   0   |
	| impl-compile-only|   0   |   0   |   0   |   0   ||   0   |   0   |
	|impl-compile-execu|   0   |   0   |   0   |   0   ||   0   |   0   |
	| impl-execute-only|   0   |   0   |   0   |   0   ||   0   |   0   |
	|support-compile-on|   1   |   1   |   0   |   0   ||   0   |   0   |
	|support-compile-ex|   2   |   1   |   0   |   0   ||   2   |   0   |
	|support-execute-on|   2   |   1   |   0   |   0   ||   1   |   0   |
	|tests-compile-only|   0   |   0   |   0   |   0   ||   0   |   0   |
	|tests-compile-exec|   0   |   0   |   0   |   0   ||   0   |   0   |
	|tests-execute-only|   0   |   0   |   0   |   0   ||   0   |   0   |
	---------------------------------------------------------------------
Determining class path for api of testtools
Compiling API for testtools
Making directory /srv/git/Synergetics/built/subsystems/testtools/output/main/api/classes
Compile class path
debug: /srv/git/Synergetics/built/ivy/cache/com.volantis/testtools.mock/newbuild/api/com.volantis.testtools.mock-newbuild.jar
debug: /srv/git/Synergetics/built/subsystems/runtime/output/main/api/classes
debug: /srv/git/Synergetics/built/ivy/cache/com.meterware/httpunit/1.4.5/jar/com.meterware.httpunit-1.4.5.jar
debug: /srv/git/Synergetics/built/ivy/cache/org.junit/framework/3.8.2/jar/org.junit.framework-3.8.2.jar
debug: /srv/git/Synergetics/built/ivy/cache/org.custommonkey/xmlunit/1.0/jar/org.custommonkey.xmlunit-1.0.jar
debug: /srv/git/Synergetics/built/ivy/cache/net.sourceforge/junit-addons/1.4/jar/net.sourceforge.junit-addons-1.4.jar
debug: /srv/git/Synergetics/built/ivy/cache/org.apache/log4j/1.2.8/jar/org.apache.log4j-1.2.8.jar
debug: /srv/git/Synergetics/built/ivy/cache/javax.servlet/api/2.4/jar/javax.servlet.api-2.4.jar
debug: /srv/git/Synergetics/built/ivy/cache/com.volantis.jdom/api/0.9/jar/com.volantis.jdom.api-0.9.jar
    [javac] Compiling 36 source files to /srv/git/Synergetics/built/subsystems/testtools/output/main/api/classes
    [javac] Note: Some input files use or override a deprecated API.
    [javac] Note: Recompile with -Xlint:deprecation for details.
    [javac] Note: Some input files use unchecked or unsafe operations.
    [javac] Note: Recompile with -Xlint:unchecked for details.
     [copy] Copying 1 file to /srv/git/Synergetics/built/subsystems/testtools/output/main/api/classes
external target {com.volantis.build}:prepare-api
Switching to module: module {com.volantis.build}:descriptor-store
Determining class path for impl of descriptor-store
Compiling implementation for descriptor-store
Making directory /srv/git/Synergetics/built/subsystems/descriptor-store/output/main/impl/classes
Compile class path
debug: /srv/git/Synergetics/built/ivy/cache/javax.jdo/api/2.0/jar/javax.jdo.api-2.0.jar
debug: /srv/git/Synergetics/built/ivy/cache/org.eclipse.equinox/osgi/3.3.1.1/jar/org.eclipse.equinox.osgi-3.3.1.1.jar
debug: /srv/git/Synergetics/built/ivy/cache/com.volantis.jpox/runtime/1.1.7/jar/com.volantis.jpox.runtime-1.1.7.jar
debug: /srv/git/Synergetics/built/subsystems/localization/output/main/api/classes
debug: /srv/git/Synergetics/built/subsystems/descriptor-store/output/main/api/classes
    [javac] Compiling 6 source files to /srv/git/Synergetics/built/subsystems/descriptor-store/output/main/impl/classes
    [javac] Note: Some input files use unchecked or unsafe operations.
    [javac] Note: Recompile with -Xlint:unchecked for details.
     [copy] Copying 3 files to /srv/git/Synergetics/built/subsystems/descriptor-store/output/main/impl/classes
internal target {com.volantis.build}:configure-jpox-enhancer
Creating module file: module4
[Error] :43:30: cos-nonambig: "":license and WC[##any] (or elements from their substitution group) violate "Unique Particle Attribution". During validation against this schema, ambiguity would be created for those two particles.
:: resolving dependencies :: com.volantis#jpox;working@v-pduffin.uk.volantis.com
	confs: [default]
	found javax.jdo#api;2.0 in local:ivy-sandbox
	found javax.transaction#api;1.0 in local:ivy-sandbox
	found org.apache#log4j;1.2.8 in local:ivy-sandbox
	found org.apache#bcel;5.2 in local:ivy-sandbox
	found org.apache#jakarta.regexp;1.4 in local:ivy-sandbox
	found org.jpox#enhancer;1.1.7 in local:ivy-sandbox
	found org.jpox#runtime;1.1.7 in local:ivy-sandbox
	found javax.resource#connector;1.0 in local:ivy-sandbox
downloading /srv/git/Externals/built/ivy/repository/sandbox/org.apache/log4j/1.2.8/sources/org.apache.log4j-1.2.8.jar ...
	[SUCCESSFUL ] org.apache#log4j;1.2.8!log4j.jar(sources) (2ms)
downloading /srv/git/Externals/built/ivy/repository/sandbox/org.apache/bcel/5.2/jar/org.apache.bcel-5.2.jar ...
	[SUCCESSFUL ] org.apache#bcel;5.2!bcel.jar (3ms)
downloading /srv/git/Externals/built/ivy/repository/sandbox/org.jpox/enhancer/1.1.7/jar/org.jpox.enhancer-1.1.7.jar ...
	[SUCCESSFUL ] org.jpox#enhancer;1.1.7!enhancer.jar (1ms)
downloading /srv/git/Externals/built/ivy/repository/sandbox/org.apache/jakarta.regexp/1.4/jar/org.apache.jakarta.regexp-1.4.jar ...
	[SUCCESSFUL ] org.apache#jakarta.regexp;1.4!jakarta.regexp.jar (0ms)
downloading /srv/git/Externals/built/ivy/repository/sandbox/org.jpox/runtime/1.1.7/jar/org.jpox.runtime-1.1.7.jar ...
	[SUCCESSFUL ] org.jpox#runtime;1.1.7!runtime.jar (7ms)
downloading /srv/git/Externals/built/ivy/repository/sandbox/javax.resource/connector/1.0/jar/javax.resource.connector-1.0.jar ...
	[SUCCESSFUL ] javax.resource#connector;1.0!connector.jar (1ms)
:: resolution report :: resolve 134ms :: artifacts dl 20ms
	:: modules in use:
	javax.jdo#api;2.0 from local:ivy-sandbox in [default]
	javax.resource#connector;1.0 from local:ivy-sandbox in [default]
	javax.transaction#api;1.0 from local:ivy-sandbox in [default]
	org.apache#bcel;5.2 from local:ivy-sandbox in [default]
	org.apache#jakarta.regexp;1.4 from local:ivy-sandbox in [default]
	org.apache#log4j;1.2.8 from local:ivy-sandbox in [default]
	org.jpox#enhancer;1.1.7 from local:ivy-sandbox in [default]
	org.jpox#runtime;1.1.7 from local:ivy-sandbox in [default]
	---------------------------------------------------------------------
	|                  |            modules            ||   artifacts   |
	|       conf       | number| search|dwnlded|evicted|| number|dwnlded|
	---------------------------------------------------------------------
	|      default     |   8   |   5   |   5   |   0   ||   9   |   6   |
	---------------------------------------------------------------------
path descriptor-store:jpox-enhancer: [/srv/git/Synergetics/built/ivy/cache/javax.jdo/api/2.0/jar/javax.jdo.api-2.0.jar, /srv/git/Synergetics/built/ivy/cache/javax.transaction/api/1.0/jar/javax.transaction.api-1.0.jar, /srv/git/Synergetics/built/ivy/cache/org.apache/log4j/1.2.8/jar/org.apache.log4j-1.2.8.jar, /srv/git/Synergetics/built/ivy/cache/org.apache/log4j/1.2.8/sources/org.apache.log4j-1.2.8.jar, /srv/git/Synergetics/built/ivy/cache/org.apache/bcel/5.2/jar/org.apache.bcel-5.2.jar, /srv/git/Synergetics/built/ivy/cache/org.apache/jakarta.regexp/1.4/jar/org.apache.jakarta.regexp-1.4.jar, /srv/git/Synergetics/built/ivy/cache/org.jpox/enhancer/1.1.7/jar/org.jpox.enhancer-1.1.7.jar, /srv/git/Synergetics/built/ivy/cache/org.jpox/runtime/1.1.7/jar/org.jpox.runtime-1.1.7.jar, /srv/git/Synergetics/built/ivy/cache/javax.resource/connector/1.0/jar/javax.resource.connector-1.0.jar]
internal target {com.volantis.build}:jpox-main-class-files
     [copy] Copying 8 files to /srv/git/Synergetics/built/subsystems/descriptor-store/output/main/api/jpox-classes
     [copy] Copying 12 files to /srv/git/Synergetics/built/subsystems/descriptor-store/output/main/impl/jpox-classes
Creating module file: module5
[Error] :43:30: cos-nonambig: "":license and WC[##any] (or elements from their substitution group) violate "Unique Particle Attribution". During validation against this schema, ambiguity would be created for those two particles.
:: resolving dependencies :: com.volantis#jpox;working@v-pduffin.uk.volantis.com
	confs: [default]
	found javax.jdo#api;2.0 in local:ivy-sandbox
	found javax.transaction#api;1.0 in local:ivy-sandbox
	found org.apache#log4j;1.2.8 in local:ivy-sandbox
	found org.apache#bcel;5.2 in local:ivy-sandbox
	found org.apache#jakarta.regexp;1.4 in local:ivy-sandbox
	found org.jpox#enhancer;1.1.7 in local:ivy-sandbox
	found org.jpox#runtime;1.1.7 in local:ivy-sandbox
	found javax.resource#connector;1.0 in local:ivy-sandbox
:: resolution report :: resolve 200ms :: artifacts dl 6ms
	:: modules in use:
	javax.jdo#api;2.0 from local:ivy-sandbox in [default]
	javax.resource#connector;1.0 from local:ivy-sandbox in [default]
	javax.transaction#api;1.0 from local:ivy-sandbox in [default]
	org.apache#bcel;5.2 from local:ivy-sandbox in [default]
	org.apache#jakarta.regexp;1.4 from local:ivy-sandbox in [default]
	org.apache#log4j;1.2.8 from local:ivy-sandbox in [default]
	org.jpox#enhancer;1.1.7 from local:ivy-sandbox in [default]
	org.jpox#runtime;1.1.7 from local:ivy-sandbox in [default]
	---------------------------------------------------------------------
	|                  |            modules            ||   artifacts   |
	|       conf       | number| search|dwnlded|evicted|| number|dwnlded|
	---------------------------------------------------------------------
	|      default     |   8   |   0   |   0   |   0   ||   9   |   0   |
	---------------------------------------------------------------------
path descriptor-store:impl:output: [/srv/git/Synergetics/built/subsystems/descriptor-store/output/main/impl/jpox-classes]
[jpox-enhancer] log4j:WARN No appenders could be found for logger (JPOX.General).
[jpox-enhancer] log4j:WARN Please initialize the log4j system properly.
[jpox-enhancer] JPOX Enhancer (version 1.1.7) : Enhancement of classes
[jpox-enhancer] JPOX Enhancer : Classpath
[jpox-enhancer] >>  /srv/git/Synergetics/built/subsystems/descriptor-store/output/main/api/jpox-classes
[jpox-enhancer] >>  /srv/git/Synergetics/built/subsystems/descriptor-store/output/main/impl/jpox-classes
[jpox-enhancer] >>  /srv/git/Synergetics/built/ivy/cache/javax.jdo/api/2.0/jar/javax.jdo.api-2.0.jar
[jpox-enhancer] >>  /srv/git/Synergetics/built/ivy/cache/javax.transaction/api/1.0/jar/javax.transaction.api-1.0.jar
[jpox-enhancer] >>  /srv/git/Synergetics/built/ivy/cache/org.apache/log4j/1.2.8/jar/org.apache.log4j-1.2.8.jar
[jpox-enhancer] >>  /srv/git/Synergetics/built/ivy/cache/org.apache/log4j/1.2.8/sources/org.apache.log4j-1.2.8.jar
[jpox-enhancer] >>  /srv/git/Synergetics/built/ivy/cache/org.apache/bcel/5.2/jar/org.apache.bcel-5.2.jar
[jpox-enhancer] >>  /srv/git/Synergetics/built/ivy/cache/org.apache/jakarta.regexp/1.4/jar/org.apache.jakarta.regexp-1.4.jar
[jpox-enhancer] >>  /srv/git/Synergetics/built/ivy/cache/org.jpox/enhancer/1.1.7/jar/org.jpox.enhancer-1.1.7.jar
[jpox-enhancer] >>  /srv/git/Synergetics/built/ivy/cache/org.jpox/runtime/1.1.7/jar/org.jpox.runtime-1.1.7.jar
[jpox-enhancer] >>  /srv/git/Synergetics/built/ivy/cache/javax.resource/connector/1.0/jar/javax.resource.connector-1.0.jar
[jpox-enhancer] JPOX Enhancer : Input Files
[jpox-enhancer] >>  /srv/git/Synergetics/built/subsystems/descriptor-store/output/main/impl/jpox-classes/com/volantis/synergetics/descriptorstore/impl/package.jdo
[jpox-enhancer] JPOX Enhancer : Using ClassEnhancer "BCEL"
[jpox-enhancer] Processing class "com.volantis.synergetics.descriptorstore.impl.DefaultParameters"
[jpox-enhancer] ENHANCED (PersistenceCapable) : com.volantis.synergetics.descriptorstore.impl.DefaultParameters
[jpox-enhancer] Processing class "com.volantis.synergetics.descriptorstore.impl.DefaultParameterNames"
[jpox-enhancer] ENHANCED (PersistenceCapable) : com.volantis.synergetics.descriptorstore.impl.DefaultParameterNames
[jpox-enhancer] Processing class "com.volantis.synergetics.descriptorstore.impl.DefaultResourceDescriptor"
[jpox-enhancer] ENHANCED (PersistenceCapable) : com.volantis.synergetics.descriptorstore.impl.DefaultResourceDescriptor
[jpox-enhancer] JPOX Enhancer completed with success for 3 classes. Consult the log for full details
external target {com.volantis.build}:prepare-impl
Switching to module: module {com.volantis.build}:localization
Determining class path for impl of localization
Compiling implementation for localization
external target {com.volantis.build}:prepare-impl
Generate source code for test support for localization
internal target {com.volantis.build}:define-volantis-mock-task
Switching to module: module {com.volantis.build}:product
internal target {com.volantis.build}:resolve-volantis-mock-task
Creating module file: module6
[Error] :43:30: cos-nonambig: "":license and WC[##any] (or elements from their substitution group) violate "Unique Particle Attribution". During validation against this schema, ambiguity would be created for those two particles.
:: resolving dependencies :: com.volantis.build#volantis-mock-task;working@v-pduffin.uk.volantis.com
	confs: [default]
	found com.volantis#testtools.mock-generator#newbuild;newbuild in local:ivy-internals
	found org.apache#ant;1.7.0 in local:ivy-sandbox
	found org.codehaus#plexus.utils;1.0.4 in local:ivy-sandbox
	found com.thoughtworks#qdox;1.6.3 in local:ivy-sandbox
	found org.apache#ant.launcher;1.7.0 in local:ivy-sandbox
downloading /srv/repository/ivy/internals/com.volantis/testtools.mock-generator/newbuild/api/com.volantis.testtools.mock-generator-newbuild.jar ...
	[SUCCESSFUL ] com.volantis#testtools.mock-generator#newbuild;newbuild!testtools.mock-generator.jar(api) (1ms)
downloading /srv/repository/ivy/internals/com.volantis/testtools.mock-generator/newbuild/jar/com.volantis.testtools.mock-generator-newbuild.jar ...
	[SUCCESSFUL ] com.volantis#testtools.mock-generator#newbuild;newbuild!testtools.mock-generator.jar (2ms)
downloading /srv/git/Externals/built/ivy/repository/sandbox/org.apache/ant/1.7.0/jar/org.apache.ant-1.7.0.jar ...
	[SUCCESSFUL ] org.apache#ant;1.7.0!ant.jar (7ms)
downloading /srv/git/Externals/built/ivy/repository/sandbox/org.codehaus/plexus.utils/1.0.4/jar/org.codehaus.plexus.utils-1.0.4.jar ...
	[SUCCESSFUL ] org.codehaus#plexus.utils;1.0.4!plexus.utils.jar (4ms)
downloading /srv/git/Externals/built/ivy/repository/sandbox/com.thoughtworks/qdox/1.6.3/jar/com.thoughtworks.qdox-1.6.3.jar ...
	[SUCCESSFUL ] com.thoughtworks#qdox;1.6.3!qdox.jar (1ms)
downloading /srv/git/Externals/built/ivy/repository/sandbox/org.apache/ant.launcher/1.7.0/jar/org.apache.ant.launcher-1.7.0.jar ...
	[SUCCESSFUL ] org.apache#ant.launcher;1.7.0!ant.launcher.jar (1ms)
:: resolution report :: resolve 57ms :: artifacts dl 20ms
	:: modules in use:
	com.thoughtworks#qdox;1.6.3 from local:ivy-sandbox in [default]
	com.volantis#testtools.mock-generator#newbuild;newbuild from local:ivy-internals in [default]
	org.apache#ant;1.7.0 from local:ivy-sandbox in [default]
	org.apache#ant.launcher;1.7.0 from local:ivy-sandbox in [default]
	org.codehaus#plexus.utils;1.0.4 from local:ivy-sandbox in [default]
	---------------------------------------------------------------------
	|                  |            modules            ||   artifacts   |
	|       conf       | number| search|dwnlded|evicted|| number|dwnlded|
	---------------------------------------------------------------------
	|      default     |   5   |   5   |   5   |   0   ||   6   |   6   |
	---------------------------------------------------------------------
dependency:com.volantis.build:volantis-mock-task: [com.volantis.build:volantis-mock-task:inline: [/srv/git/Synergetics/built/ivy/cache/com.volantis/testtools.mock-generator/newbuild/api/com.volantis.testtools.mock-generator-newbuild.jar, /srv/git/Synergetics/built/ivy/cache/com.volantis/testtools.mock-generator/newbuild/jar/com.volantis.testtools.mock-generator-newbuild.jar, /srv/git/Synergetics/built/ivy/cache/org.apache/ant/1.7.0/jar/org.apache.ant-1.7.0.jar, /srv/git/Synergetics/built/ivy/cache/org.codehaus/plexus.utils/1.0.4/jar/org.codehaus.plexus.utils-1.0.4.jar, /srv/git/Synergetics/built/ivy/cache/com.thoughtworks/qdox/1.6.3/jar/com.thoughtworks.qdox-1.6.3.jar, /srv/git/Synergetics/built/ivy/cache/org.apache/ant.launcher/1.7.0/jar/org.apache.ant.launcher-1.7.0.jar]]
/srv/git/Synergetics/built/ivy/cache/com.volantis/testtools.mock-generator/newbuild/api/com.volantis.testtools.mock-generator-newbuild.jar
/srv/git/Synergetics/built/ivy/cache/com.volantis/testtools.mock-generator/newbuild/jar/com.volantis.testtools.mock-generator-newbuild.jar
/srv/git/Synergetics/built/ivy/cache/org.apache/ant/1.7.0/jar/org.apache.ant-1.7.0.jar
/srv/git/Synergetics/built/ivy/cache/org.codehaus/plexus.utils/1.0.4/jar/org.codehaus.plexus.utils-1.0.4.jar
/srv/git/Synergetics/built/ivy/cache/com.thoughtworks/qdox/1.6.3/jar/com.thoughtworks.qdox-1.6.3.jar
/srv/git/Synergetics/built/ivy/cache/org.apache/ant.launcher/1.7.0/jar/org.apache.ant.launcher-1.7.0.jar
[volantis-mock-task] Code took 0ms
Switching to module: module {com.volantis.build}:localization
Determining class path for support of localization
Compiling test support for localization
Making directory /srv/git/Synergetics/built/subsystems/localization/output/test/support/classes
Compile class path
debug: /srv/git/Synergetics/built/ivy/cache/com.volantis/testtools.mock/newbuild/api/com.volantis.testtools.mock-newbuild.jar
debug: /srv/git/Synergetics/built/ivy/cache/com.volantis/testtools.mock/newbuild/support/com.volantis.testtools.mock-newbuild.jar
debug: /srv/git/Synergetics/built/ivy/cache/org.junit/framework/3.8.2/jar/org.junit.framework-3.8.2.jar
debug: /srv/git/Synergetics/built/ivy/cache/net.sourceforge/junit-addons/1.4/jar/net.sourceforge.junit-addons-1.4.jar
debug: /srv/git/Synergetics/built/subsystems/localization/output/main/impl/classes
debug: /srv/git/Synergetics/built/ivy/cache/org.apache/log4j/1.2.8/jar/org.apache.log4j-1.2.8.jar
debug: /srv/git/Synergetics/built/ivy/cache/javax.servlet/api/2.4/jar/javax.servlet.api-2.4.jar
debug: /srv/git/Synergetics/built/subsystems/localization/output/main/api/classes
    [javac] Compiling 2 source files to /srv/git/Synergetics/built/subsystems/localization/output/test/support/classes
external target {com.volantis.build}:prepare-support
Switching to module: module {com.volantis.build}:testtools
Determining class path for impl of testtools
Compiling implementation for testtools
external target {com.volantis.build}:prepare-impl
Switching to module: module {com.volantis.build}:runtime
Determining class path for impl of runtime
Compiling implementation for runtime
Making directory /srv/git/Synergetics/built/subsystems/runtime/output/main/impl/classes
Compile class path
debug: /srv/git/Synergetics/built/subsystems/localization/output/main/api/classes
debug: /srv/git/Synergetics/built/ivy/cache/javax.servlet/api/2.4/jar/javax.servlet.api-2.4.jar
debug: /srv/git/Synergetics/built/ivy/cache/org.jibx/api/1.1.5/jar/org.jibx.api-1.1.5.jar
debug: /srv/git/Synergetics/built/ivy/cache/javax.jdo/api/2.0/jar/javax.jdo.api-2.0.jar
debug: /srv/git/Synergetics/built/ivy/cache/com.volantis.jdom/api/0.9/jar/com.volantis.jdom.api-0.9.jar
debug: /srv/git/Synergetics/built/subsystems/runtime/output/main/api/classes
    [javac] Compiling 2 source files to /srv/git/Synergetics/built/subsystems/runtime/output/main/impl/classes
    [javac] Note: /srv/git/Synergetics/subsystems/runtime/main/impl/java/com/volantis/synergetics/runtime/impl/DefaultMutableHttpHeaders.java uses unchecked or unsafe operations.
    [javac] Note: Recompile with -Xlint:unchecked for details.
external target {com.volantis.build}:prepare-impl
Generate source code for test support for runtime
internal target {com.volantis.build}:define-volantis-mock-task
dependency:com.volantis.build:volantis-mock-task: [com.volantis.build:volantis-mock-task:inline: [/srv/git/Synergetics/built/ivy/cache/com.volantis/testtools.mock-generator/newbuild/api/com.volantis.testtools.mock-generator-newbuild.jar, /srv/git/Synergetics/built/ivy/cache/com.volantis/testtools.mock-generator/newbuild/jar/com.volantis.testtools.mock-generator-newbuild.jar, /srv/git/Synergetics/built/ivy/cache/org.apache/ant/1.7.0/jar/org.apache.ant-1.7.0.jar, /srv/git/Synergetics/built/ivy/cache/org.codehaus/plexus.utils/1.0.4/jar/org.codehaus.plexus.utils-1.0.4.jar, /srv/git/Synergetics/built/ivy/cache/com.thoughtworks/qdox/1.6.3/jar/com.thoughtworks.qdox-1.6.3.jar, /srv/git/Synergetics/built/ivy/cache/org.apache/ant.launcher/1.7.0/jar/org.apache.ant.launcher-1.7.0.jar]]
/srv/git/Synergetics/built/ivy/cache/com.volantis/testtools.mock-generator/newbuild/api/com.volantis.testtools.mock-generator-newbuild.jar
/srv/git/Synergetics/built/ivy/cache/com.volantis/testtools.mock-generator/newbuild/jar/com.volantis.testtools.mock-generator-newbuild.jar
/srv/git/Synergetics/built/ivy/cache/org.apache/ant/1.7.0/jar/org.apache.ant-1.7.0.jar
/srv/git/Synergetics/built/ivy/cache/org.codehaus/plexus.utils/1.0.4/jar/org.codehaus.plexus.utils-1.0.4.jar
/srv/git/Synergetics/built/ivy/cache/com.thoughtworks/qdox/1.6.3/jar/com.thoughtworks.qdox-1.6.3.jar
/srv/git/Synergetics/built/ivy/cache/org.apache/ant.launcher/1.7.0/jar/org.apache.ant.launcher-1.7.0.jar
[volantis-mock-task] Code took 0ms
Determining class path for support of runtime
Compiling test support for runtime
external target {com.volantis.build}:prepare-support
Switching to module: module {com.volantis.build}:testtools
Generate source code for test support for testtools
internal target {com.volantis.build}:define-volantis-mock-task
dependency:com.volantis.build:volantis-mock-task: [com.volantis.build:volantis-mock-task:inline: [/srv/git/Synergetics/built/ivy/cache/com.volantis/testtools.mock-generator/newbuild/api/com.volantis.testtools.mock-generator-newbuild.jar, /srv/git/Synergetics/built/ivy/cache/com.volantis/testtools.mock-generator/newbuild/jar/com.volantis.testtools.mock-generator-newbuild.jar, /srv/git/Synergetics/built/ivy/cache/org.apache/ant/1.7.0/jar/org.apache.ant-1.7.0.jar, /srv/git/Synergetics/built/ivy/cache/org.codehaus/plexus.utils/1.0.4/jar/org.codehaus.plexus.utils-1.0.4.jar, /srv/git/Synergetics/built/ivy/cache/com.thoughtworks/qdox/1.6.3/jar/com.thoughtworks.qdox-1.6.3.jar, /srv/git/Synergetics/built/ivy/cache/org.apache/ant.launcher/1.7.0/jar/org.apache.ant.launcher-1.7.0.jar]]
/srv/git/Synergetics/built/ivy/cache/com.volantis/testtools.mock-generator/newbuild/api/com.volantis.testtools.mock-generator-newbuild.jar
/srv/git/Synergetics/built/ivy/cache/com.volantis/testtools.mock-generator/newbuild/jar/com.volantis.testtools.mock-generator-newbuild.jar
/srv/git/Synergetics/built/ivy/cache/org.apache/ant/1.7.0/jar/org.apache.ant-1.7.0.jar
/srv/git/Synergetics/built/ivy/cache/org.codehaus/plexus.utils/1.0.4/jar/org.codehaus.plexus.utils-1.0.4.jar
/srv/git/Synergetics/built/ivy/cache/com.thoughtworks/qdox/1.6.3/jar/com.thoughtworks.qdox-1.6.3.jar
/srv/git/Synergetics/built/ivy/cache/org.apache/ant.launcher/1.7.0/jar/org.apache.ant.launcher-1.7.0.jar
[volantis-mock-task] Code took 0ms
Determining class path for support of testtools
Compiling test support for testtools
external target {com.volantis.build}:prepare-support
Switching to module: module {com.volantis.build}:descriptor-store
Generate source code for test support for descriptor-store
internal target {com.volantis.build}:define-volantis-mock-task
dependency:com.volantis.build:volantis-mock-task: [com.volantis.build:volantis-mock-task:inline: [/srv/git/Synergetics/built/ivy/cache/com.volantis/testtools.mock-generator/newbuild/api/com.volantis.testtools.mock-generator-newbuild.jar, /srv/git/Synergetics/built/ivy/cache/com.volantis/testtools.mock-generator/newbuild/jar/com.volantis.testtools.mock-generator-newbuild.jar, /srv/git/Synergetics/built/ivy/cache/org.apache/ant/1.7.0/jar/org.apache.ant-1.7.0.jar, /srv/git/Synergetics/built/ivy/cache/org.codehaus/plexus.utils/1.0.4/jar/org.codehaus.plexus.utils-1.0.4.jar, /srv/git/Synergetics/built/ivy/cache/com.thoughtworks/qdox/1.6.3/jar/com.thoughtworks.qdox-1.6.3.jar, /srv/git/Synergetics/built/ivy/cache/org.apache/ant.launcher/1.7.0/jar/org.apache.ant.launcher-1.7.0.jar]]
/srv/git/Synergetics/built/ivy/cache/com.volantis/testtools.mock-generator/newbuild/api/com.volantis.testtools.mock-generator-newbuild.jar
/srv/git/Synergetics/built/ivy/cache/com.volantis/testtools.mock-generator/newbuild/jar/com.volantis.testtools.mock-generator-newbuild.jar
/srv/git/Synergetics/built/ivy/cache/org.apache/ant/1.7.0/jar/org.apache.ant-1.7.0.jar
/srv/git/Synergetics/built/ivy/cache/org.codehaus/plexus.utils/1.0.4/jar/org.codehaus.plexus.utils-1.0.4.jar
/srv/git/Synergetics/built/ivy/cache/com.thoughtworks/qdox/1.6.3/jar/com.thoughtworks.qdox-1.6.3.jar
/srv/git/Synergetics/built/ivy/cache/org.apache/ant.launcher/1.7.0/jar/org.apache.ant.launcher-1.7.0.jar
[volantis-mock-task] Code took 0ms
Determining class path for support of descriptor-store
Compiling test support for descriptor-store
external target {com.volantis.build}:prepare-support
Generate source code for test tests for descriptor-store
[volantis-mock-task] Code took 0ms
Determining class path for tests of descriptor-store
Compiling test tests for descriptor-store
Making directory /srv/git/Synergetics/built/subsystems/descriptor-store/output/test/tests/classes
Compile class path
debug: /srv/git/Synergetics/built/ivy/cache/com.volantis/testtools.mock/newbuild/api/com.volantis.testtools.mock-newbuild.jar
debug: /srv/git/Synergetics/built/subsystems/testtools/output/main/api/classes
debug: /srv/git/Synergetics/built/subsystems/testtools/output/test/support/classes
debug: /srv/git/Synergetics/built/subsystems/runtime/output/main/api/classes
debug: /srv/git/Synergetics/built/subsystems/runtime/output/test/support/classes
debug: /srv/git/Synergetics/built/ivy/cache/com.meterware/httpunit/1.4.5/jar/com.meterware.httpunit-1.4.5.jar
debug: /srv/git/Synergetics/built/ivy/cache/org.custommonkey/xmlunit/1.0/jar/org.custommonkey.xmlunit-1.0.jar
debug: /srv/git/Synergetics/built/ivy/cache/org.apache/log4j/1.2.8/jar/org.apache.log4j-1.2.8.jar
debug: /srv/git/Synergetics/built/ivy/cache/javax.servlet/api/2.4/jar/javax.servlet.api-2.4.jar
debug: /srv/git/Synergetics/built/ivy/cache/com.volantis.jdom/api/0.9/jar/com.volantis.jdom.api-0.9.jar
debug: /srv/git/Synergetics/built/subsystems/localization/output/test/support/classes
debug: /srv/git/Synergetics/built/ivy/cache/com.volantis/testtools.mock/newbuild/support/com.volantis.testtools.mock-newbuild.jar
debug: /srv/git/Synergetics/built/ivy/cache/org.junit/framework/3.8.2/jar/org.junit.framework-3.8.2.jar
debug: /srv/git/Synergetics/built/ivy/cache/net.sourceforge/junit-addons/1.4/jar/net.sourceforge.junit-addons-1.4.jar
debug: /srv/git/Synergetics/built/ivy/cache/org.eclipse.equinox/osgi/3.3.1.1/jar/org.eclipse.equinox.osgi-3.3.1.1.jar
debug: /srv/git/Synergetics/built/subsystems/descriptor-store/output/test/support/classes
debug: /srv/git/Synergetics/built/ivy/cache/javax.jdo/api/2.0/jar/javax.jdo.api-2.0.jar
debug: /srv/git/Synergetics/built/ivy/cache/com.volantis.jpox/runtime/1.1.7/jar/com.volantis.jpox.runtime-1.1.7.jar
debug: /srv/git/Synergetics/built/subsystems/descriptor-store/output/main/impl/jpox-classes
debug: /srv/git/Synergetics/built/subsystems/localization/output/main/api/classes
debug: /srv/git/Synergetics/built/subsystems/descriptor-store/output/main/api/jpox-classes
    [javac] Compiling 1 source file to /srv/git/Synergetics/built/subsystems/descriptor-store/output/test/tests/classes
external target {com.volantis.build}:prepare-tests
Preparing subsystem descriptor-store
Preparing subsystem descriptor-store
Running tests for subsystem descriptor-store
Creating module file: module7
[Error] :43:30: cos-nonambig: "":license and WC[##any] (or elements from their substitution group) violate "Unique Particle Attribution". During validation against this schema, ambiguity would be created for those two particles.
:: resolving dependencies :: com.volantis#junit;working@v-pduffin.uk.volantis.com
	confs: [default]
	found org.junit#framework;3.8.2 in local:ivy-sandbox
	found net.sourceforge#junit-addons;1.4 in local:ivy-sandbox
downloading /srv/git/Externals/built/ivy/repository/sandbox/org.junit/framework/3.8.2/sources/org.junit.framework-3.8.2.jar ...
	[SUCCESSFUL ] org.junit#framework;3.8.2!framework.jar(sources) (2ms)
:: resolution report :: resolve 14ms :: artifacts dl 3ms
	:: modules in use:
	net.sourceforge#junit-addons;1.4 from local:ivy-sandbox in [default]
	org.junit#framework;3.8.2 from local:ivy-sandbox in [default]
	---------------------------------------------------------------------
	|                  |            modules            ||   artifacts   |
	|       conf       | number| search|dwnlded|evicted|| number|dwnlded|
	---------------------------------------------------------------------
	|      default     |   2   |   0   |   0   |   0   ||   3   |   1   |
	---------------------------------------------------------------------
Test execute path
/srv/git/Synergetics/built/ivy/cache/org.junit/framework/3.8.2/jar/org.junit.framework-3.8.2.jar
/srv/git/Synergetics/built/ivy/cache/org.junit/framework/3.8.2/sources/org.junit.framework-3.8.2.jar
/srv/git/Synergetics/built/ivy/cache/net.sourceforge/junit-addons/1.4/jar/net.sourceforge.junit-addons-1.4.jar
/srv/git/Synergetics/built/subsystems/descriptor-store/output/test/tests/classes
/srv/git/Synergetics/built/subsystems/runtime/output/main/api/classes
/srv/git/Synergetics/built/ivy/cache/com.meterware/httpunit/1.4.5/jar/com.meterware.httpunit-1.4.5.jar
/srv/git/Synergetics/built/ivy/cache/org.junit/framework/3.8.2/jar/org.junit.framework-3.8.2.jar
/srv/git/Synergetics/built/ivy/cache/org.custommonkey/xmlunit/1.0/jar/org.custommonkey.xmlunit-1.0.jar
/srv/git/Synergetics/built/ivy/cache/net.sourceforge/junit-addons/1.4/jar/net.sourceforge.junit-addons-1.4.jar
/srv/git/Synergetics/built/ivy/cache/org.apache/log4j/1.2.8/jar/org.apache.log4j-1.2.8.jar
/srv/git/Synergetics/built/ivy/cache/javax.servlet/api/2.4/jar/javax.servlet.api-2.4.jar
/srv/git/Synergetics/built/ivy/cache/com.volantis.jdom/api/0.9/jar/com.volantis.jdom.api-0.9.jar
/srv/git/Synergetics/built/subsystems/localization/output/main/api/classes
/srv/git/Synergetics/built/ivy/cache/org.jibx/api/1.1.5/jar/org.jibx.api-1.1.5.jar
/srv/git/Synergetics/built/ivy/cache/javax.jdo/api/2.0/jar/javax.jdo.api-2.0.jar
/srv/git/Synergetics/built/subsystems/localization/output/main/impl/classes
/srv/git/Synergetics/built/subsystems/runtime/output/main/impl/classes
/srv/git/Synergetics/built/subsystems/testtools/output/main/impl/classes
/srv/git/Synergetics/built/subsystems/runtime/output/test/support/classes
/srv/git/Synergetics/built/ivy/cache/com.volantis/testtools.mock/newbuild/support/com.volantis.testtools.mock-newbuild.jar
/srv/git/Synergetics/built/subsystems/localization/output/test/support/classes
/srv/git/Synergetics/built/ivy/cache/org.hsqldb/runtime/1.8.0.7/jar/org.hsqldb.runtime-1.8.0.7.jar
/srv/git/Synergetics/built/ivy/cache/com.volantis/testtools.mock/newbuild/jar/com.volantis.testtools.mock-newbuild.jar
/srv/git/Synergetics/built/ivy/cache/org.eclipse.equinox/osgi/3.3.1.1/jar/org.eclipse.equinox.osgi-3.3.1.1.jar
/srv/git/Synergetics/built/ivy/cache/javax.transaction/api/1.0/jar/javax.transaction.api-1.0.jar
/srv/git/Synergetics/built/subsystems/testtools/output/main/api/classes
/srv/git/Synergetics/built/subsystems/testtools/output/test/support/classes
/srv/git/Synergetics/built/subsystems/descriptor-store/output/test/support/classes
/srv/git/Synergetics/built/ivy/cache/com.volantis.jpox/runtime/1.1.7/jar/com.volantis.jpox.runtime-1.1.7.jar
/srv/git/Synergetics/built/subsystems/descriptor-store/output/main/impl/jpox-classes
/srv/git/Synergetics/built/subsystems/descriptor-store/output/main/api/jpox-classes
    [junit] Running com.volantis.synergetics.descriptorstore.ResourceDescriptorStoreTestCase
    [junit] Tests run: 4, Failures: 0, Errors: 0, Time elapsed: 8.022 sec
external target {com.volantis.build}:package
      [jar] Building jar: /srv/git/Synergetics/built/subsystems/descriptor-store/api/synergetics.descriptor-store.jar
      [jar] Building jar: /srv/git/Synergetics/built/subsystems/descriptor-store/jar/synergetics.descriptor-store.jar
external target {com.volantis.build}:publish-local
internal target {com.volantis.build}:publish
Creating module file: module8
[Error] :43:30: cos-nonambig: "":license and WC[##any] (or elements from their substitution group) violate "Unique Particle Attribution". During validation against this schema, ambiguity would be created for those two particles.
:: resolving dependencies :: com.volantis#synergetics.descriptor-store;working@v-pduffin.uk.volantis.com
	confs: [main-compile-only, main-compile-execute, main-execute-only, test-compile-only, test-compile-execute, test-execute-only]
	found javax.jdo#api;2.0 in local:ivy-sandbox
	found com.volantis.jpox#runtime;1.1.7 in local:ivy-sandbox
	found org.eclipse.equinox#osgi;3.3.1.1 in local:ivy-sandbox
	found javax.transaction#api;1.0 in local:ivy-sandbox
:: resolution report :: resolve 825ms :: artifacts dl 2ms
	:: modules in use:
	com.volantis.jpox#runtime;1.1.7 from local:ivy-sandbox in [main-compile-only, main-compile-execute, main-execute-only]
	javax.jdo#api;2.0 from local:ivy-sandbox in [main-compile-only, main-compile-execute, main-execute-only]
	javax.transaction#api;1.0 from local:ivy-sandbox in [main-execute-only]
	org.eclipse.equinox#osgi;3.3.1.1 from local:ivy-sandbox in [main-compile-execute, main-execute-only, test-compile-execute, test-execute-only]
	---------------------------------------------------------------------
	|                  |            modules            ||   artifacts   |
	|       conf       | number| search|dwnlded|evicted|| number|dwnlded|
	---------------------------------------------------------------------
	| main-compile-only|   3   |   0   |   0   |   0   ||   0   |   0   |
	|main-compile-execu|   4   |   0   |   0   |   0   ||   3   |   0   |
	| main-execute-only|   5   |   0   |   0   |   0   ||   2   |   0   |
	| test-compile-only|   1   |   0   |   0   |   0   ||   0   |   0   |
	|test-compile-execu|   2   |   0   |   0   |   0   ||   1   |   0   |
	| test-execute-only|   2   |   0   |   0   |   0   ||   1   |   0   |
	---------------------------------------------------------------------

:: problems summary ::
:::: WARNINGS
		module not found: com.volantis#synergetics.localization;newbuild

	==== local:ivy-externals: tried

	  /srv/repository/ivy/externals/com.volantis/synergetics.localization/newbuild/ivy-newbuild.xml

	  -- artifact com.volantis#synergetics.localization;newbuild!synergetics.localization.jar:

	  /srv/repository/ivy/externals/com.volantis/synergetics.localization/newbuild/jar/com.volantis.synergetics.localization-newbuild.jar

	==== local:ivy-sandbox: tried

	  /srv/git/Externals/built/ivy/repository/sandbox/com.volantis/synergetics.localization/newbuild/ivy-newbuild.xml

	  -- artifact com.volantis#synergetics.localization;newbuild!synergetics.localization.jar:

	  /srv/git/Externals/built/ivy/repository/sandbox/com.volantis/synergetics.localization/newbuild/jar/com.volantis.synergetics.localization-newbuild.jar

	==== remote:ivy-externals: tried

	  ssh://git@vol-eng-git.uk.volantis.com/ivy/externals/com.volantis/synergetics.localization/newbuild/ivy-newbuild.xml

	  -- artifact com.volantis#synergetics.localization;newbuild!synergetics.localization.jar:

	  ssh://git@vol-eng-git.uk.volantis.com/ivy/externals/com.volantis/synergetics.localization/newbuild/jar/com.volantis.synergetics.localization-newbuild.jar

		::::::::::::::::::::::::::::::::::::::::::::::

		::          UNRESOLVED DEPENDENCIES         ::

		::::::::::::::::::::::::::::::::::::::::::::::

		:: com.volantis#synergetics.localization;newbuild: not found

		::::::::::::::::::::::::::::::::::::::::::::::



:: USE VERBOSE OR DEBUG MESSAGE LEVEL FOR MORE DETAILS
1 nodes were unresolved
Module: com.volantis#synergetics.descriptor-store;working@v-pduffin.uk.volantis.com has unresolved dependencies on:
    com.volantis#synergetics.localization;newbuild
[org.codehaus.groovy.runtime.InvokerInvocationException: Unresolved and not evicted dependencies, Unresolved and not evicted dependencies]
Unresolved and not evicted dependencies
Build execution took 21.9s
Total build took 25.8s
Finished
